<?xml version="1.0" encoding="UTF-8"?>
<robot generator="Robot 7.0 (Python 3.12.3 on win32)" generated="2024-06-11T22:25:44.783149" rpa="false" schemaversion="5">
<suite id="s1" name="registrarTest" source="c:\academy\academy-qa-trabalho-final-grupo4-debugging-jedi\testesMobile\android\features\registrarTest.robot">
<test id="s1-t1" name="CT024 - Registrar usuario informando senha 13 caracteres" line="189">
<kw name="Abrir App" owner="config" type="SETUP">
<kw name="Open Application" owner="AppiumLibrary">
<arg>http://127.0.0.1:4723</arg>
<arg>automationName=${ANDROID_AUTOMATION_NAME}</arg>
<arg>platformName=${ANDROID_PLATFORM_NAME}</arg>
<arg>platformVersion=${ANDROID_PLATFORM_VERSION}</arg>
<arg>appPackage=${APP_PACKAGE}</arg>
<arg>appActivity=${APP_ACTIVITY}</arg>
<arg>autoGrantPermissions=true</arg>
<doc>Opens a new application to given Appium server.
Capabilities of appium server, Android and iOS,
Please check https://github.com/appium/appium/blob/master/docs/en/writing-running-appium/server-args.md
| *Option*            | *Man.* | *Description*     |
| remote_url          | Yes    | Appium server url |
| alias               | no     | alias             |
| strict_ssl          | No     | allows you to send commands to an invalid certificate host like a self-signed one. |</doc>
<status status="PASS" start="2024-06-11T22:25:45.241652" elapsed="7.574515"/>
</kw>
<status status="PASS" start="2024-06-11T22:25:45.241652" elapsed="7.574515"/>
</kw>
<kw name="Dado que o usuario acessa a tela inicial" owner="Page">
<kw name="Wait Until Element Is Visible" owner="AppiumLibrary">
<msg time="2024-06-11T22:25:54.574709" level="INFO">xpath criteria: //android.view.View[@content-desc="Home"]</msg>
<arg>${HOME}</arg>
<arg>10</arg>
<doc>Waits until element specified with `locator` is visible.</doc>
<status status="PASS" start="2024-06-11T22:25:52.818175" elapsed="1.757544"/>
</kw>
<kw name="Element Should Be Visible" owner="AppiumLibrary">
<msg time="2024-06-11T22:25:54.641605" level="INFO">xpath criteria: //android.view.View[@content-desc="Home"]</msg>
<arg>${HOME}</arg>
<doc>Verifies that element identified with locator is visible.</doc>
<status status="PASS" start="2024-06-11T22:25:54.575719" elapsed="0.065886"/>
</kw>
<status status="PASS" start="2024-06-11T22:25:52.817172" elapsed="1.825938"/>
</kw>
<kw name="Quando clica na opcao menu" owner="Page">
<kw name="Espera o elemento e verifica o atributo" owner="commons">
<kw name="Wait Until Element Is Visible" owner="AppiumLibrary">
<msg time="2024-06-11T22:25:54.709276" level="INFO">xpath criteria: //android.widget.Button[@content-desc="Open navigation menu"]</msg>
<arg>${elemento}</arg>
<arg>10</arg>
<doc>Waits until element specified with `locator` is visible.</doc>
<status status="PASS" start="2024-06-11T22:25:54.644122" elapsed="0.065154"/>
</kw>
<kw name="Element Attribute Should Match" owner="AppiumLibrary">
<msg time="2024-06-11T22:25:54.710275" level="WARN">Keyword 'Element Attribute Should Match' found both from a custom library 'AppiumLibrary' and a standard library 'XML'. The custom keyword is used. To select explicitly, and to get rid of this warning, use either 'AppiumLibrary.Element Attribute Should Match' or 'XML.Element Attribute Should Match'.</msg>
<msg time="2024-06-11T22:25:54.778722" level="INFO">Element 'xpath=//android.widget.Button[@content-desc="Open navigation menu"]' attribute 'content-desc' is 'Open navigation menu' </msg>
<msg time="2024-06-11T22:25:54.779739" level="INFO">xpath criteria: //android.widget.Button[@content-desc="Open navigation menu"]</msg>
<arg>${elemento}</arg>
<arg>${atributo}</arg>
<arg>${valor_atributo}</arg>
<arg>regexp=true</arg>
<doc>Verify that an attribute of an element matches the expected criteria.</doc>
<status status="PASS" start="2024-06-11T22:25:54.710275" elapsed="0.069464"/>
</kw>
<arg>${BTN_MENU}</arg>
<arg>content-desc</arg>
<arg>Open navigation menu</arg>
<status status="PASS" start="2024-06-11T22:25:54.644122" elapsed="0.135617"/>
</kw>
<kw name="Espera o elemento e clica no elemento" owner="commons">
<kw name="Wait Until Element Is Visible" owner="AppiumLibrary">
<msg time="2024-06-11T22:25:54.851791" level="INFO">xpath criteria: //android.widget.Button[@content-desc="Open navigation menu"]</msg>
<arg>${ELEMENTO}</arg>
<doc>Waits until element specified with `locator` is visible.</doc>
<status status="PASS" start="2024-06-11T22:25:54.780742" elapsed="0.071049"/>
</kw>
<kw name="Click Element" owner="AppiumLibrary">
<msg time="2024-06-11T22:25:54.853491" level="INFO">Clicking element 'xpath=//android.widget.Button[@content-desc="Open navigation menu"]'.</msg>
<msg time="2024-06-11T22:25:54.964361" level="INFO">xpath criteria: //android.widget.Button[@content-desc="Open navigation menu"]</msg>
<arg>${ELEMENTO}</arg>
<doc>Click element identified by `locator`.</doc>
<status status="PASS" start="2024-06-11T22:25:54.851791" elapsed="0.113621"/>
</kw>
<arg>${BTN_MENU}</arg>
<status status="PASS" start="2024-06-11T22:25:54.779739" elapsed="0.185673"/>
</kw>
<status status="PASS" start="2024-06-11T22:25:54.643110" elapsed="0.322302"/>
</kw>
<kw name="E clica na opcao registrar-se" owner="Page">
<kw name="Espera o elemento e verifica o atributo" owner="commons">
<kw name="Wait Until Element Is Visible" owner="AppiumLibrary">
<msg time="2024-06-11T22:25:55.977120" level="INFO">xpath criteria: //android.view.View[@content-desc="Registre-se"]
xpath criteria: //android.view.View[@content-desc="Registre-se"]</msg>
<arg>${elemento}</arg>
<arg>10</arg>
<doc>Waits until element specified with `locator` is visible.</doc>
<status status="PASS" start="2024-06-11T22:25:54.967344" elapsed="1.009776"/>
</kw>
<kw name="Element Attribute Should Match" owner="AppiumLibrary">
<msg time="2024-06-11T22:25:55.977120" level="WARN">Keyword 'Element Attribute Should Match' found both from a custom library 'AppiumLibrary' and a standard library 'XML'. The custom keyword is used. To select explicitly, and to get rid of this warning, use either 'AppiumLibrary.Element Attribute Should Match' or 'XML.Element Attribute Should Match'.</msg>
<msg time="2024-06-11T22:25:56.084024" level="INFO">Element 'xpath=//android.view.View[@content-desc="Registre-se"]' attribute 'content-desc' is 'Registre-se' </msg>
<msg time="2024-06-11T22:25:56.085003" level="INFO">xpath criteria: //android.view.View[@content-desc="Registre-se"]</msg>
<arg>${elemento}</arg>
<arg>${atributo}</arg>
<arg>${valor_atributo}</arg>
<arg>regexp=true</arg>
<doc>Verify that an attribute of an element matches the expected criteria.</doc>
<status status="PASS" start="2024-06-11T22:25:55.977120" elapsed="0.107883"/>
</kw>
<arg>${REGISTRE-SE}</arg>
<arg>content-desc</arg>
<arg>Registre-se</arg>
<status status="PASS" start="2024-06-11T22:25:54.966447" elapsed="1.118556"/>
</kw>
<kw name="Click Element" owner="AppiumLibrary">
<msg time="2024-06-11T22:25:56.085993" level="INFO">Clicking element 'xpath=//android.view.View[@content-desc="Registre-se"]'.</msg>
<msg time="2024-06-11T22:25:56.263418" level="INFO">xpath criteria: //android.view.View[@content-desc="Registre-se"]</msg>
<arg>${REGISTRE-SE}</arg>
<doc>Click element identified by `locator`.</doc>
<status status="PASS" start="2024-06-11T22:25:56.085003" elapsed="0.179426"/>
</kw>
<status status="PASS" start="2024-06-11T22:25:54.966447" elapsed="1.297982"/>
</kw>
<kw name="E informa a senha contendo 13 caracteres" owner="Page">
<kw name="Name" owner="FakerLibrary">
<msg time="2024-06-11T22:25:56.266438" level="INFO">${nome_random} = Michael Sims</msg>
<var>${nome_random}</var>
<doc>:example: 'John Doe'</doc>
<status status="PASS" start="2024-06-11T22:25:56.265440" elapsed="0.000998"/>
</kw>
<kw name="Email" owner="FakerLibrary">
<msg time="2024-06-11T22:25:56.268450" level="INFO">${email_random} = meyersnicole@example.net</msg>
<var>${email_random}</var>
<status status="PASS" start="2024-06-11T22:25:56.267441" elapsed="0.001009"/>
</kw>
<kw name="Clica no elemento e insere texto" owner="commons">
<kw name="Wait Until Element Is Visible" owner="AppiumLibrary">
<msg time="2024-06-11T22:25:57.634553" level="INFO">xpath criteria: //android.widget.ImageView/android.widget.EditText[1]
xpath criteria: //android.widget.ImageView/android.widget.EditText[1]
xpath criteria: //android.widget.ImageView/android.widget.EditText[1]</msg>
<arg>${elemento}</arg>
<doc>Waits until element specified with `locator` is visible.</doc>
<status status="PASS" start="2024-06-11T22:25:56.269438" elapsed="1.365115"/>
</kw>
<kw name="Click Element" owner="AppiumLibrary">
<msg time="2024-06-11T22:25:57.635580" level="INFO">Clicking element 'xpath=//android.widget.ImageView/android.widget.EditText[1]'.</msg>
<msg time="2024-06-11T22:25:57.745600" level="INFO">xpath criteria: //android.widget.ImageView/android.widget.EditText[1]</msg>
<arg>${elemento}</arg>
<doc>Click element identified by `locator`.</doc>
<status status="PASS" start="2024-06-11T22:25:57.634553" elapsed="0.111047"/>
</kw>
<kw name="Sleep" owner="BuiltIn">
<msg time="2024-06-11T22:25:58.747253" level="INFO">Slept 1 second.</msg>
<arg>1</arg>
<doc>Pauses the test executed for the given time.</doc>
<status status="PASS" start="2024-06-11T22:25:57.745600" elapsed="1.001653"/>
</kw>
<kw name="Input Text" owner="AppiumLibrary">
<msg time="2024-06-11T22:25:58.748285" level="INFO">Typing text 'Michael Sims' into text field 'xpath=//android.widget.ImageView/android.widget.EditText[1]'</msg>
<msg time="2024-06-11T22:25:58.903567" level="INFO">xpath criteria: //android.widget.ImageView/android.widget.EditText[1]</msg>
<arg>${elemento}</arg>
<arg>${texto}</arg>
<doc>Types the given `text` into text field identified by `locator`.</doc>
<status status="PASS" start="2024-06-11T22:25:58.747253" elapsed="0.156314"/>
</kw>
<arg>${NOME}</arg>
<arg>${nome_random}</arg>
<status status="PASS" start="2024-06-11T22:25:56.268450" elapsed="2.635976"/>
</kw>
<kw name="Clica no elemento e insere texto" owner="commons">
<kw name="Wait Until Element Is Visible" owner="AppiumLibrary">
<msg time="2024-06-11T22:25:58.977593" level="INFO">xpath criteria: //android.widget.ImageView/android.widget.EditText[2]</msg>
<arg>${elemento}</arg>
<doc>Waits until element specified with `locator` is visible.</doc>
<status status="PASS" start="2024-06-11T22:25:58.904426" elapsed="0.074166"/>
</kw>
<kw name="Click Element" owner="AppiumLibrary">
<msg time="2024-06-11T22:25:58.979680" level="INFO">Clicking element 'xpath=//android.widget.ImageView/android.widget.EditText[2]'.</msg>
<msg time="2024-06-11T22:25:59.847032" level="INFO">xpath criteria: //android.widget.ImageView/android.widget.EditText[2]</msg>
<arg>${elemento}</arg>
<doc>Click element identified by `locator`.</doc>
<status status="PASS" start="2024-06-11T22:25:58.978592" elapsed="0.868440"/>
</kw>
<kw name="Sleep" owner="BuiltIn">
<msg time="2024-06-11T22:26:00.847576" level="INFO">Slept 1 second.</msg>
<arg>1</arg>
<doc>Pauses the test executed for the given time.</doc>
<status status="PASS" start="2024-06-11T22:25:59.847032" elapsed="1.000544"/>
</kw>
<kw name="Input Text" owner="AppiumLibrary">
<msg time="2024-06-11T22:26:00.849505" level="INFO">Typing text 'meyersnicole@example.net' into text field 'xpath=//android.widget.ImageView/android.widget.EditText[2]'</msg>
<msg time="2024-06-11T22:26:01.428660" level="INFO">xpath criteria: //android.widget.ImageView/android.widget.EditText[2]</msg>
<arg>${elemento}</arg>
<arg>${texto}</arg>
<doc>Types the given `text` into text field identified by `locator`.</doc>
<status status="PASS" start="2024-06-11T22:26:00.847576" elapsed="0.581084"/>
</kw>
<arg>${EMAIL}</arg>
<arg>${email_random}</arg>
<status status="PASS" start="2024-06-11T22:25:58.904426" elapsed="2.524234"/>
</kw>
<kw name="Clica no elemento e insere texto" owner="commons">
<kw name="Wait Until Element Is Visible" owner="AppiumLibrary">
<msg time="2024-06-11T22:26:01.999568" level="INFO">xpath criteria: //android.widget.ImageView/android.widget.EditText[3]</msg>
<arg>${elemento}</arg>
<doc>Waits until element specified with `locator` is visible.</doc>
<status status="PASS" start="2024-06-11T22:26:01.429693" elapsed="0.570932"/>
</kw>
<kw name="Click Element" owner="AppiumLibrary">
<msg time="2024-06-11T22:26:02.001609" level="INFO">Clicking element 'xpath=//android.widget.ImageView/android.widget.EditText[3]'.</msg>
<msg time="2024-06-11T22:26:02.701892" level="INFO">xpath criteria: //android.widget.ImageView/android.widget.EditText[3]</msg>
<arg>${elemento}</arg>
<doc>Click element identified by `locator`.</doc>
<status status="PASS" start="2024-06-11T22:26:02.000625" elapsed="0.701267"/>
</kw>
<kw name="Sleep" owner="BuiltIn">
<msg time="2024-06-11T22:26:03.702402" level="INFO">Slept 1 second.</msg>
<arg>1</arg>
<doc>Pauses the test executed for the given time.</doc>
<status status="PASS" start="2024-06-11T22:26:02.701892" elapsed="1.001018"/>
</kw>
<kw name="Input Text" owner="AppiumLibrary">
<msg time="2024-06-11T22:26:03.703939" level="INFO">Typing text '123456789@bp%' into text field 'xpath=//android.widget.ImageView/android.widget.EditText[3]'</msg>
<msg time="2024-06-11T22:26:03.765449" level="INFO">xpath criteria: //android.widget.ImageView/android.widget.EditText[3]</msg>
<arg>${elemento}</arg>
<arg>${texto}</arg>
<doc>Types the given `text` into text field identified by `locator`.</doc>
<status status="PASS" start="2024-06-11T22:26:03.703069" elapsed="0.062380"/>
</kw>
<arg>${SENHA}</arg>
<arg>123456789@bp%</arg>
<status status="PASS" start="2024-06-11T22:26:01.429693" elapsed="2.335756"/>
</kw>
<kw name="Clica no elemento e insere texto" owner="commons">
<kw name="Wait Until Element Is Visible" owner="AppiumLibrary">
<msg time="2024-06-11T22:26:03.846618" level="INFO">xpath criteria: //android.widget.ImageView/android.widget.EditText[4]</msg>
<arg>${elemento}</arg>
<doc>Waits until element specified with `locator` is visible.</doc>
<status status="PASS" start="2024-06-11T22:26:03.766547" elapsed="0.081059"/>
</kw>
<kw name="Click Element" owner="AppiumLibrary">
<msg time="2024-06-11T22:26:03.848631" level="INFO">Clicking element 'xpath=//android.widget.ImageView/android.widget.EditText[4]'.</msg>
<msg time="2024-06-11T22:26:04.424650" level="INFO">xpath criteria: //android.widget.ImageView/android.widget.EditText[4]</msg>
<arg>${elemento}</arg>
<doc>Click element identified by `locator`.</doc>
<status status="PASS" start="2024-06-11T22:26:03.847606" elapsed="0.577044"/>
</kw>
<kw name="Sleep" owner="BuiltIn">
<msg time="2024-06-11T22:26:05.426115" level="INFO">Slept 1 second.</msg>
<arg>1</arg>
<doc>Pauses the test executed for the given time.</doc>
<status status="PASS" start="2024-06-11T22:26:04.424650" elapsed="1.001465"/>
</kw>
<kw name="Input Text" owner="AppiumLibrary">
<msg time="2024-06-11T22:26:05.428127" level="INFO">Typing text '123456789@bp%' into text field 'xpath=//android.widget.ImageView/android.widget.EditText[4]'</msg>
<msg time="2024-06-11T22:26:05.519154" level="INFO">xpath criteria: //android.widget.ImageView/android.widget.EditText[4]</msg>
<arg>${elemento}</arg>
<arg>${texto}</arg>
<doc>Types the given `text` into text field identified by `locator`.</doc>
<status status="PASS" start="2024-06-11T22:26:05.426115" elapsed="0.093039"/>
</kw>
<arg>${CONFIRMAR_SENHA}</arg>
<arg>123456789@bp%</arg>
<status status="PASS" start="2024-06-11T22:26:03.765449" elapsed="1.753705"/>
</kw>
<kw name="Hide Keyboard" owner="AppiumLibrary">
<doc>Hides the software keyboard on the device. (optional) In iOS, use `key_name` to press
a particular key, ex. `Done`. In Android, no parameters are used.</doc>
<status status="PASS" start="2024-06-11T22:26:05.519154" elapsed="2.748176"/>
</kw>
<kw name="Wait Until Element Is Visible" owner="AppiumLibrary">
<msg time="2024-06-11T22:26:08.438433" level="INFO">xpath criteria: //android.widget.Button[@content-desc="Registrar"]</msg>
<arg>${REGISTRAR}</arg>
<doc>Waits until element specified with `locator` is visible.</doc>
<status status="PASS" start="2024-06-11T22:26:08.268328" elapsed="0.170105"/>
</kw>
<status status="PASS" start="2024-06-11T22:25:56.265440" elapsed="12.173995"/>
</kw>
<kw name="E clica na opcao registrar" owner="Page">
<kw name="Espera o elemento e verifica o atributo" owner="commons">
<kw name="Wait Until Element Is Visible" owner="AppiumLibrary">
<msg time="2024-06-11T22:26:08.499709" level="INFO">xpath criteria: //android.widget.Button[@content-desc="Registrar"]</msg>
<arg>${elemento}</arg>
<arg>10</arg>
<doc>Waits until element specified with `locator` is visible.</doc>
<status status="PASS" start="2024-06-11T22:26:08.440435" elapsed="0.059274"/>
</kw>
<kw name="Element Attribute Should Match" owner="AppiumLibrary">
<msg time="2024-06-11T22:26:08.499709" level="WARN">Keyword 'Element Attribute Should Match' found both from a custom library 'AppiumLibrary' and a standard library 'XML'. The custom keyword is used. To select explicitly, and to get rid of this warning, use either 'AppiumLibrary.Element Attribute Should Match' or 'XML.Element Attribute Should Match'.</msg>
<msg time="2024-06-11T22:26:08.577025" level="INFO">Element 'xpath=//android.widget.Button[@content-desc="Registrar"]' attribute 'content-desc' is 'Registrar' </msg>
<msg time="2024-06-11T22:26:08.577025" level="INFO">xpath criteria: //android.widget.Button[@content-desc="Registrar"]</msg>
<arg>${elemento}</arg>
<arg>${atributo}</arg>
<arg>${valor_atributo}</arg>
<arg>regexp=true</arg>
<doc>Verify that an attribute of an element matches the expected criteria.</doc>
<status status="PASS" start="2024-06-11T22:26:08.499709" elapsed="0.077316"/>
</kw>
<arg>${REGISTRAR}</arg>
<arg>content-desc</arg>
<arg>Registrar</arg>
<status status="PASS" start="2024-06-11T22:26:08.440435" elapsed="0.136590"/>
</kw>
<kw name="Click Element" owner="AppiumLibrary">
<msg time="2024-06-11T22:26:08.579109" level="INFO">Clicking element 'xpath=//android.widget.Button[@content-desc="Registrar"]'.</msg>
<msg time="2024-06-11T22:26:08.686154" level="INFO">xpath criteria: //android.widget.Button[@content-desc="Registrar"]</msg>
<arg>${REGISTRAR}</arg>
<doc>Click element identified by `locator`.</doc>
<status status="PASS" start="2024-06-11T22:26:08.577025" elapsed="0.109129"/>
</kw>
<status status="PASS" start="2024-06-11T22:26:08.439435" elapsed="0.246719"/>
</kw>
<kw name="Entao visualisa a mensagem" owner="Page">
<kw name="Espera o elemento e verifica o atributo" owner="commons">
<kw name="Wait Until Element Is Visible" owner="AppiumLibrary">
<msg time="2024-06-11T22:26:10.098953" level="INFO">xpath criteria: //android.view.View[@content-desc="Ocorreu um erro ao realizar o cadastro. Tente novamente mais tarde."]
xpath criteria: //android.view.View[@content-desc="Ocorreu um erro ao realizar o cadastro. Tente novamente mais tarde."]
xpath criteria: //android.view.View[@content-desc="Ocorreu um erro ao realizar o cadastro. Tente novamente mais tarde."]</msg>
<arg>${elemento}</arg>
<arg>10</arg>
<doc>Waits until element specified with `locator` is visible.</doc>
<status status="PASS" start="2024-06-11T22:26:08.688155" elapsed="1.410798"/>
</kw>
<kw name="Element Attribute Should Match" owner="AppiumLibrary">
<msg time="2024-06-11T22:26:10.099957" level="WARN">Keyword 'Element Attribute Should Match' found both from a custom library 'AppiumLibrary' and a standard library 'XML'. The custom keyword is used. To select explicitly, and to get rid of this warning, use either 'AppiumLibrary.Element Attribute Should Match' or 'XML.Element Attribute Should Match'.</msg>
<msg time="2024-06-11T22:26:10.161642" level="INFO">Element 'xpath=//android.view.View[@content-desc="Ocorreu um erro ao realizar o cadastro. Tente novamente mais tarde."]' attribute 'content-desc' is 'Ocorreu um erro ao realizar o cadastro. Tente novamente mais tarde.' </msg>
<msg time="2024-06-11T22:26:10.161642" level="INFO">xpath criteria: //android.view.View[@content-desc="Ocorreu um erro ao realizar o cadastro. Tente novamente mais tarde."]</msg>
<arg>${elemento}</arg>
<arg>${atributo}</arg>
<arg>${valor_atributo}</arg>
<arg>regexp=true</arg>
<doc>Verify that an attribute of an element matches the expected criteria.</doc>
<status status="PASS" start="2024-06-11T22:26:10.099957" elapsed="0.061685"/>
</kw>
<arg>${MENSAGEM_ERRO}</arg>
<arg>content-desc</arg>
<arg>Ocorreu um erro ao realizar o cadastro. Tente novamente mais tarde.</arg>
<status status="PASS" start="2024-06-11T22:26:08.688155" elapsed="1.474537"/>
</kw>
<status status="PASS" start="2024-06-11T22:26:08.687214" elapsed="1.475478"/>
</kw>
<kw name="Teardown" owner="config" type="TEARDOWN">
<kw name="Run Keyword If Test Failed" owner="BuiltIn">
<arg>Capture Page Screenshot</arg>
<doc>Runs the given keyword with the given arguments, if the test failed.</doc>
<status status="PASS" start="2024-06-11T22:26:10.164273" elapsed="0.000000"/>
</kw>
<kw name="Close All Applications" owner="AppiumLibrary">
<doc>Closes all open applications.</doc>
<status status="PASS" start="2024-06-11T22:26:10.164797" elapsed="0.540247"/>
</kw>
<status status="PASS" start="2024-06-11T22:26:10.163719" elapsed="0.541325"/>
</kw>
<status status="PASS" start="2024-06-11T22:25:45.240654" elapsed="25.465396"/>
</test>
<status status="PASS" start="2024-06-11T22:25:44.787136" elapsed="25.920910"/>
</suite>
<statistics>
<total>
<stat pass="1" fail="0" skip="0">All Tests</stat>
</total>
<tag>
</tag>
<suite>
<stat pass="1" fail="0" skip="0" id="s1" name="registrarTest">registrarTest</stat>
</suite>
</statistics>
<errors>
<msg time="2024-06-11T22:25:54.710275" level="WARN">Keyword 'Element Attribute Should Match' found both from a custom library 'AppiumLibrary' and a standard library 'XML'. The custom keyword is used. To select explicitly, and to get rid of this warning, use either 'AppiumLibrary.Element Attribute Should Match' or 'XML.Element Attribute Should Match'.</msg>
<msg time="2024-06-11T22:25:55.977120" level="WARN">Keyword 'Element Attribute Should Match' found both from a custom library 'AppiumLibrary' and a standard library 'XML'. The custom keyword is used. To select explicitly, and to get rid of this warning, use either 'AppiumLibrary.Element Attribute Should Match' or 'XML.Element Attribute Should Match'.</msg>
<msg time="2024-06-11T22:26:08.499709" level="WARN">Keyword 'Element Attribute Should Match' found both from a custom library 'AppiumLibrary' and a standard library 'XML'. The custom keyword is used. To select explicitly, and to get rid of this warning, use either 'AppiumLibrary.Element Attribute Should Match' or 'XML.Element Attribute Should Match'.</msg>
<msg time="2024-06-11T22:26:10.099957" level="WARN">Keyword 'Element Attribute Should Match' found both from a custom library 'AppiumLibrary' and a standard library 'XML'. The custom keyword is used. To select explicitly, and to get rid of this warning, use either 'AppiumLibrary.Element Attribute Should Match' or 'XML.Element Attribute Should Match'.</msg>
</errors>
</robot>
